esm_mlp_8M_rmt0_lr1e-2_hls(64,)_f0
Test metrics:odict_values([0.6299320812789001, 0.6530028598665396, 0.23707582251839726, 0.6863842834431071, 0.589407684841283, 0.389261744966443, 0.904610492845787, 0.2761904761904762, 0.6590909090909091, 0.2761904761904762])
esm_mlp_8M_rmt0_lr1e-2_hls(128,)_f0
Test metrics:odict_values([0.6404177322344512, 0.6377502383222117, 0.19456161450237747, 0.6534256946021652, 0.5567305798370472, 0.3121597096188748, 0.9284578696343402, 0.20476190476190476, 0.6564885496183206, 0.20476190476190476])
esm_mlp_8M_rmt0_lr1e-2_hls(512,)_f0
Test metrics:odict_values([0.6296355949059569, 0.6406101048617732, 0.20506574228098548, 0.6690816867287455, 0.5860436028108084, 0.39354838709677425, 0.875993640699523, 0.2904761904761905, 0.61, 0.2904761904761905])
esm_mlp_8M_rmt0_lr1e-2_hls(64,64)_f0
Test metrics:odict_values([0.6331775081907715, 0.6453765490943756, 0.21638062016925616, 0.6764630176394881, 0.5811525399766859, 0.3793677204658902, 0.8934817170111288, 0.2714285714285714, 0.6298342541436464, 0.2714285714285714])
esm_mlp_8M_rmt0_lr1e-2_hls(128,128)_f0
Test metrics:odict_values([0.6566785462023078, 0.6043851286939943, 0.06394843679405063, 0.6364032099326217, 0.5446438447379556, 0.08, 0.9809220985691574, 0.04047619047619048, 0.6, 0.04285714285714286])
esm_mlp_8M_rmt0_lr1e-2_hls(64,64,64)_f0
Test metrics:odict_values([0.6719360532251509, 0.5996186844613918, 0.0, 0.6193239457945339, 0.515293549842511, nan, 0.9984101748807631, 0.0, 0.0, 0.0])
esm_mlp_8M_rmt0_lr1e-3_hls(64,)_f0
Test metrics:odict_values([0.6543787336838143, 0.6120114394661582, 0.10530315079182025, 0.6184949655537891, 0.5205316039410213, 0.1744421906693712, 0.9538950715421304, 0.10238095238095238, 0.589041095890411, 0.10238095238095238])
esm_mlp_8M_rmt0_lr1e-3_hls(128,)_f0
Test metrics:odict_values([0.6516586381327663, 0.6177311725452812, 0.12985770407906616, 0.6327390415625709, 0.5343656848477529, 0.16666666666666666, 0.9682034976152624, 0.09761904761904762, 0.6666666666666666, 0.09523809523809523])
esm_mlp_8M_rmt0_lr1e-3_hls(512,)_f0
Test metrics:odict_values([0.6310695893884956, 0.6406101048617732, 0.2049173461164638, 0.6883034294799, 0.5969031459528064, 0.3011152416356877, 0.9411764705882353, 0.19285714285714287, 0.6864406779661016, 0.19285714285714287])
esm_mlp_8M_rmt0_lr1e-3_hls(64,64)_f0
Test metrics:odict_values([0.635062083019542, 0.6472831267874166, 0.22182359512855646, 0.6638276932394579, 0.5707756512107163, 0.3914473684210526, 0.890302066772655, 0.2833333333333333, 0.6329787234042553, 0.2833333333333333])
esm_mlp_8M_rmt0_lr1e-3_hls(128,128)_f0
Test metrics:odict_values([0.6261119612974707, 0.6539561487130601, 0.23987246152446778, 0.6775115451586039, 0.5940536129617181, 0.41545893719806765, 0.8855325914149443, 0.3047619047619048, 0.6417910447761194, 0.30714285714285716])
esm_mlp_8M_rmt0_lr1e-3_hls(64,64,64)_f0
Test metrics:odict_values([0.6708578641239635, 0.5996186844613918, 0.0, 0.6011090922855629, 0.48232339423317283, nan, 0.9984101748807631, 0.0, 0.0, 0.0])
esm_mlp_8M_rmt0_lr1e-4_hls(64,)_f0
Test metrics:odict_values([0.6729437655443459, 0.5996186844613918, 0.0, 0.5971174956469074, 0.46243958199697993, 0.004750593824228029, 1.0, 0.002380952380952381, 1.0, 0.002380952380952381])
esm_mlp_8M_rmt0_lr1e-4_hls(128,)_f0
Test metrics:odict_values([0.6759661168456645, 0.5996186844613918, 0.0, 0.5511412673177379, 0.4276246457592077, nan, 0.9984101748807631, 0.0, 0.0, 0.0])
esm_mlp_8M_rmt0_lr1e-4_hls(512,)_f0
Test metrics:odict_values([0.6707098282326733, 0.5996186844613918, 0.0, 0.6058236808236809, 0.4812424401762075, nan, 0.9984101748807631, 0.0, 0.0, 0.0])
esm_mlp_8M_rmt0_lr1e-4_hls(64,64)_f0
Test metrics:odict_values([0.6793084949169759, 0.5996186844613918, 0.0, 0.6211162843515785, 0.4829358034858022, nan, 0.9984101748807631, 0.0, 0.0, 0.0])
esm_mlp_8M_rmt0_lr1e-4_hls(128,128)_f0
Test metrics:odict_values([0.6793466499013147, 0.5996186844613918, 0.0, 0.5685441744265274, 0.43994600446298604, nan, 0.9984101748807631, 0.0, 0.0, 0.0])
esm_mlp_8M_rmt0_lr1e-4_hls(64,64,64)_f0
Test metrics:odict_values([0.6780972847265784, 0.5996186844613918, 0.0, 0.5576141267317738, 0.43213240706218503, nan, 0.9984101748807631, 0.0, 0.0, 0.0])
esm_mlp_35M_rmt0_lr1e-2_hls(64,)_f0
Test metrics:odict_values([0.6490056257343383, 0.6310772163965681, 0.18308619640954615, 0.6421000832765538, 0.5551838626910436, 0.39246467817896385, 0.8537360890302067, 0.2976190476190476, 0.576036866359447, 0.2976190476190476])
esm_mlp_35M_rmt0_lr1e-2_hls(128,)_f0
Test metrics:odict_values([0.6515092803706887, 0.6348903717826502, 0.1933026800988937, 0.6355401620107503, 0.5522071327952741, 0.40498442367601245, 0.8537360890302067, 0.3119047619047619, 0.5855855855855856, 0.30952380952380953])
esm_mlp_35M_rmt0_lr1e-2_hls(512,)_f0
Test metrics:odict_values([0.6233291254370865, 0.6701620591039085, 0.2845531505094128, 0.6829585888409417, 0.6102065268536705, 0.4999999999999999, 0.8426073131955485, 0.4142857142857143, 0.6360294117647058, 0.4119047619047619])
esm_mlp_35M_rmt0_lr1e-2_hls(64,64)_f0
Test metrics:odict_values([0.6648118216384582, 0.6177311725452812, 0.18732375346320165, 0.6215951245363011, 0.5089275796695024, 0.48917197452229294, 0.7281399046104928, 0.45714285714285713, 0.5260273972602739, 0.45714285714285713])
esm_mlp_35M_rmt0_lr1e-2_hls(128,128)_f0
Test metrics:odict_values([0.6567619353731663, 0.6444232602478551, 0.2153268709536435, 0.6092361268831857, 0.5318050568503688, 0.4012841091492777, 0.8728139904610492, 0.2976190476190476, 0.6157635467980296, 0.2976190476190476])
esm_mlp_35M_rmt0_lr1e-2_hls(64,64,64)_f0
Test metrics:odict_values([0.6393109768259742, 0.6434699714013346, 0.2115208342560876, 0.6549852373381784, 0.5803913395165101, 0.3297491039426523, 0.9268680445151033, 0.21904761904761905, 0.6666666666666666, 0.21904761904761905])
esm_mlp_35M_rmt0_lr1e-3_hls(64,)_f0
Test metrics:odict_values([0.6526424119140672, 0.6272640610104862, 0.16591023070015354, 0.6259444318267848, 0.546691736391097, 0.2101010101010101, 0.9650238473767886, 0.12380952380952381, 0.6933333333333334, 0.12380952380952381])
esm_mlp_35M_rmt0_lr1e-3_hls(128,)_f0
Test metrics:odict_values([0.6421771574520405, 0.6396568160152526, 0.2059200432709086, 0.6515519721402074, 0.5700118437219956, 0.4173106646058733, 0.8537360890302067, 0.319047619047619, 0.5947136563876652, 0.32142857142857145])
esm_mlp_35M_rmt0_lr1e-3_hls(512,)_f0
Test metrics:odict_values([0.6461192408667166, 0.6387035271687321, 0.19994140842784233, 0.6391134832311303, 0.5657438035064031, 0.2835538752362949, 0.9475357710651828, 0.17857142857142858, 0.6880733944954128, 0.17857142857142858])
esm_mlp_35M_rmt0_lr1e-3_hls(64,64)_f0
Test metrics:odict_values([0.6732295715206572, 0.5996186844613918, 0.0, 0.6100007570595806, 0.5225852983759387, nan, 0.9984101748807631, 0.0, 0.0, 0.0])
esm_mlp_35M_rmt0_lr1e-3_hls(128,128)_f0
Test metrics:odict_values([0.6587902878271726, 0.6205910390848427, 0.15068565096946776, 0.6046483458248164, 0.5210997960085775, 0.14254859611231102, 0.9841017488076311, 0.07857142857142857, 0.7674418604651163, 0.07857142857142857])
esm_mlp_35M_rmt0_lr1e-3_hls(64,64,64)_f0
Test metrics:odict_values([0.6342305878267843, 0.646329837940896, 0.22634441580700934, 0.6559126353244, 0.5839532416849097, 0.45037037037037037, 0.8362480127186009, 0.3619047619047619, 0.596078431372549, 0.3619047619047619])
esm_mlp_35M_rmt0_lr1e-4_hls(64,)_f0
Test metrics:odict_values([0.6752114519263814, 0.5996186844613918, 0.0, 0.5740044666515255, 0.4540348585425007, nan, 0.9984101748807631, 0.0, 0.0, 0.0])
esm_mlp_35M_rmt0_lr1e-4_hls(128,)_f0
Test metrics:odict_values([0.6720520920476195, 0.5996186844613918, 0.0, 0.5881444469679764, 0.4965746042228846, 0.004750593824228029, 1.0, 0.002380952380952381, 1.0, 0.002380952380952381])
esm_mlp_35M_rmt0_lr1e-4_hls(512,)_f0
Test metrics:odict_values([0.671848887994928, 0.5996186844613918, 0.0, 0.6190892573245514, 0.49547673912465745, nan, 0.9984101748807631, 0.0, 0.0, 0.0])
esm_mlp_35M_rmt0_lr1e-4_hls(64,64)_f0
Test metrics:odict_values([0.6879250312328793, 0.5996186844613918, 0.012578769905801576, 0.5629854644560527, 0.4569232667458293, 0.009411764705882354, 0.9984101748807631, 0.004761904761904762, 0.4, 0.004761904761904762])
esm_mlp_35M_rmt0_lr1e-4_hls(128,128)_f0
Test metrics:odict_values([0.6798541584505822, 0.5996186844613918, 0.0, 0.549928079339844, 0.42795681410648345, nan, 0.9984101748807631, 0.0, 0.0, 0.0])
esm_mlp_35M_rmt0_lr1e-4_hls(64,64,64)_f0
Test metrics:odict_values([0.6837690105542782, 0.5996186844613918, 0.0, 0.5651809372397608, 0.4466682933929177, 0.004750593824228029, 1.0, 0.002380952380952381, 1.0, 0.002380952380952381])
esm_mlp_150M_rmt0_lr1e-2_hls(64,)_f0
Test metrics:odict_values([0.6324712350552598, 0.6568160152526216, 0.24897706967418623, 0.6755923991218109, 0.5787796156260966, 0.450229709035222, 0.8632750397456279, 0.3547619047619048, 0.630901287553648, 0.35])
esm_mlp_150M_rmt0_lr1e-2_hls(128,)_f0
Test metrics:odict_values([0.6303821570311875, 0.6530028598665396, 0.23825172058141186, 0.6700582935877053, 0.5805184562692569, 0.4276729559748428, 0.8744038155802862, 0.3238095238095238, 0.6296296296296297, 0.3238095238095238])
esm_mlp_150M_rmt0_lr1e-2_hls(512,)_f0
Test metrics:odict_values([0.6258958048543212, 0.6472831267874166, 0.22327291918832845, 0.6808009690362632, 0.5870313712179973, 0.41521394611727414, 0.8728139904610492, 0.3142857142857143, 0.6208530805687204, 0.3119047619047619])
esm_mlp_150M_rmt0_lr1e-2_hls(64,64)_f0
Test metrics:odict_values([0.6444969864773454, 0.6272640610104862, 0.16266888276531535, 0.6479105155575744, 0.5486927315047653, 0.3005366726296959, 0.9125596184419714, 0.19523809523809524, 0.60431654676259, 0.2])
esm_mlp_150M_rmt0_lr1e-2_hls(128,128)_f0
Test metrics:odict_values([0.6622228711076414, 0.6329837940896091, 0.18178720473611953, 0.6392497539556363, 0.5384238575038182, 0.26436781609195403, 0.9475357710651828, 0.16428571428571428, 0.6764705882352942, 0.16428571428571428])
esm_mlp_150M_rmt0_lr1e-2_hls(64,64,64)_f0
Test metrics:odict_values([0.6291669057708791, 0.6491897044804575, 0.22899103133977572, 0.67690211219623, 0.5621540093118959, 0.42745709828393136, 0.8664546899841017, 0.3238095238095238, 0.6199095022624435, 0.3261904761904762])
esm_mlp_150M_rmt0_lr1e-3_hls(64,)_f0
Test metrics:odict_values([0.6359036923932165, 0.6434699714013346, 0.22311435742713256, 0.6715156332803391, 0.5807932120764379, 0.4619799139167863, 0.8155802861685215, 0.38333333333333336, 0.5812274368231047, 0.38333333333333336])
esm_mlp_150M_rmt0_lr1e-3_hls(128,)_f0
Test metrics:odict_values([0.6375517680658626, 0.6406101048617732, 0.2046287293310859, 0.6701188583541525, 0.5806432874225055, 0.300556586270872, 0.9395866454689984, 0.19047619047619047, 0.680672268907563, 0.19285714285714287])
esm_mlp_150M_rmt0_lr1e-3_hls(512,)_f0
Test metrics:odict_values([0.6201722820789275, 0.6510962821734986, 0.2431281381755471, 0.6892800363388599, 0.6002936962528689, 0.4845070422535211, 0.8124006359300477, 0.4119047619047619, 0.593103448275862, 0.4095238095238095])
esm_mlp_150M_rmt0_lr1e-3_hls(64,64)_f0
Test metrics:odict_values([0.6208816384905514, 0.6549094375595805, 0.2502326285557332, 0.6842569460216518, 0.5955698835334373, 0.48216833095577755, 0.8219395866454691, 0.4023809523809524, 0.6014234875444839, 0.4023809523809524])
esm_mlp_150M_rmt0_lr1e-3_hls(128,128)_f0
Test metrics:odict_values([0.6246011878503176, 0.6568160152526216, 0.25008529240554084, 0.6779354985237338, 0.5919601236557483, 0.4578313253012048, 0.8553259141494436, 0.3619047619047619, 0.6229508196721312, 0.3619047619047619])
esm_mlp_150M_rmt0_lr1e-3_hls(64,64,64)_f0
Test metrics:odict_values([0.6372721234427053, 0.6539561487130601, 0.2397055787197286, 0.6609735786206374, 0.5794736768516642, 0.3899159663865547, 0.9062003179650239, 0.2761904761904762, 0.6628571428571428, 0.2761904761904762])
esm_mlp_150M_rmt0_lr1e-4_hls(64,)_f0
Test metrics:odict_values([0.670522639305962, 0.5996186844613918, 0.0, 0.5916231357407828, 0.4546924718958406, 0.004750593824228029, 1.0, 0.002380952380952381, 1.0, 0.002380952380952381])
esm_mlp_150M_rmt0_lr1e-4_hls(128,)_f0
Test metrics:odict_values([0.6697682955358231, 0.5996186844613918, 0.0, 0.5823718676659853, 0.4457197620228179, nan, 0.9984101748807631, 0.0, 0.0, 0.0])
esm_mlp_150M_rmt0_lr1e-4_hls(512,)_f0
Test metrics:odict_values([0.6433924886587123, 0.6272640610104862, 0.16214026795657158, 0.6540805511393747, 0.560951066821396, 0.29347826086956524, 0.9189189189189189, 0.1976190476190476, 0.6136363636363636, 0.19285714285714287])
esm_mlp_150M_rmt0_lr1e-4_hls(64,64)_f0
Test metrics:odict_values([0.6827006741179183, 0.5996186844613918, 0.0, 0.5686331289272466, 0.440429927053953, nan, 0.9984101748807631, 0.0, 0.0, 0.0])
esm_mlp_150M_rmt0_lr1e-4_hls(128,128)_f0
Test metrics:odict_values([0.6774426037294735, 0.5996186844613918, 0.0, 0.5857748504807329, 0.4527176276244211, 0.004750593824228029, 1.0, 0.002380952380952381, 1.0, 0.002380952380952381])
esm_mlp_150M_rmt0_lr1e-4_hls(64,64,64)_f0
Test metrics:odict_values([0.6892326172473205, 0.5977121067683508, -0.004541081300246174, 0.5747047467635703, 0.43515502874523804, 0.014018691588785048, 0.9920508744038156, 0.007142857142857143, 0.375, 0.007142857142857143])
esm_mlp_650M_rmt0_lr1e-2_hls(64,)_f0
Test metrics:odict_values([0.6220429403879622, 0.6530028598665396, 0.23887375388678517, 0.6844348550230903, 0.6000498135210752, 0.43410852713178294, 0.8632750397456279, 0.3333333333333333, 0.6222222222222222, 0.3333333333333333])
esm_mlp_650M_rmt0_lr1e-2_hls(128,)_f0
Test metrics:odict_values([0.6231324154780636, 0.6568160152526216, 0.24810702623675368, 0.6838594897418426, 0.5932710738304502, 0.43993759750390016, 0.8728139904610492, 0.3357142857142857, 0.6380090497737556, 0.3357142857142857])
esm_mlp_650M_rmt0_lr1e-2_hls(512,)_f0
Test metrics:odict_values([0.6541384665368283, 0.6282173498570067, 0.17205852116405987, 0.6654440154440155, 0.5736703430333827, 0.20449897750511245, 0.9697933227344993, 0.10952380952380952, 0.7246376811594203, 0.11904761904761904])
esm_mlp_650M_rmt0_lr1e-2_hls(64,64)_f0
Test metrics:odict_values([0.6373120000580587, 0.6329837940896091, 0.192339002037398, 0.6618441971383149, 0.5518581126342421, 0.4193061840120663, 0.834658187599364, 0.33095238095238094, 0.5720164609053497, 0.33095238095238094])
esm_mlp_650M_rmt0_lr1e-2_hls(128,128)_f0
Test metrics:odict_values([0.6200100437758421, 0.661582459485224, 0.25987061702218706, 0.6855325914149444, 0.6064444062698502, 0.4409448818897638, 0.8807631160572337, 0.3333333333333333, 0.6511627906976745, 0.3333333333333333])
esm_mlp_650M_rmt0_lr1e-2_hls(64,64,64)_f0
Test metrics:odict_values([0.6325989922702142, 0.6425166825548141, 0.2083517879074211, 0.678580891816186, 0.5645264366032248, 0.33333333333333337, 0.9205087440381559, 0.22380952380952382, 0.6527777777777778, 0.22380952380952382])
esm_mlp_650M_rmt0_lr1e-3_hls(64,)_f0
Test metrics:odict_values([0.6386433505693768, 0.6482364156339371, 0.22446480521712212, 0.6595692330986448, 0.5749521745207061, 0.35763888888888884, 0.9157392686804452, 0.24523809523809523, 0.6602564102564102, 0.24523809523809523])
esm_mlp_650M_rmt0_lr1e-3_hls(128,)_f0
Test metrics:odict_values([0.6333860081360383, 0.6425166825548141, 0.2087128579172236, 0.6702172760996291, 0.5859720614067291, 0.3297491039426523, 0.9268680445151033, 0.21904761904761905, 0.6666666666666666, 0.21904761904761905])
esm_mlp_650M_rmt0_lr1e-3_hls(512,)_f0
Test metrics:odict_values([0.6253305303414056, 0.6549094375595805, 0.24235020622642803, 0.6835263835263835, 0.6010852138765083, 0.3899159663865547, 0.9030206677265501, 0.2761904761904762, 0.6628571428571428, 0.2761904761904762])
esm_mlp_650M_rmt0_lr1e-3_hls(64,64)_f0
Test metrics:odict_values([0.6389316006486364, 0.6377502383222117, 0.19467842598480747, 0.6623287152698918, 0.5789305679117667, 0.30656934306569344, 0.9300476947535771, 0.2, 0.65625, 0.2])
esm_mlp_650M_rmt0_lr1e-3_hls(128,128)_f0
Test metrics:odict_values([0.6245108637727932, 0.657769304099142, 0.2514009761180062, 0.6796199560905444, 0.5885008152472333, 0.4525993883792049, 0.8632750397456279, 0.3523809523809524, 0.6324786324786325, 0.3523809523809524])
esm_mlp_650M_rmt0_lr1e-3_hls(64,64,64)_f0
Test metrics:odict_values([0.6364572199329634, 0.6425166825548141, 0.20857678107600025, 0.6682527064880006, 0.5778668009080365, 0.3291592128801431, 0.9252782193958664, 0.21666666666666667, 0.6618705035971223, 0.21904761904761905])
esm_mlp_650M_rmt0_lr1e-4_hls(64,)_f0
Test metrics:odict_values([0.6733013798329124, 0.5996186844613918, 0.0, 0.5803732303732303, 0.4441669695737759, nan, 0.9984101748807631, 0.0, 0.0, 0.0])
esm_mlp_650M_rmt0_lr1e-4_hls(128,)_f0
Test metrics:odict_values([0.6698931241967316, 0.5996186844613918, 0.0, 0.6000984177454766, 0.4720322592360632, 0.004750593824228029, 1.0, 0.002380952380952381, 1.0, 0.002380952380952381])
esm_mlp_650M_rmt0_lr1e-4_hls(512,)_f0
Test metrics:odict_values([0.6355334938254324, 0.6510962821734986, 0.23276495754448515, 0.6643330305095011, 0.5802065976406245, 0.3652173913043478, 0.9205087440381559, 0.25476190476190474, 0.6774193548387096, 0.25])
esm_mlp_650M_rmt0_lr1e-4_hls(64,64)_f0
Test metrics:odict_values([0.6812296842142329, 0.5996186844613918, 0.0, 0.5698557801498978, 0.4367349905242291, nan, 0.9984101748807631, 0.0, 0.0, 0.0])
esm_mlp_650M_rmt0_lr1e-4_hls(128,128)_f0
Test metrics:odict_values([0.6751354916875311, 0.5996186844613918, 0.0, 0.5780944810356575, 0.44489811199500023, 0.004750593824228029, 1.0, 0.002380952380952381, 1.0, 0.002380952380952381])
esm_mlp_650M_rmt0_lr1e-4_hls(64,64,64)_f0
Test metrics:odict_values([0.6913820501164781, 0.5967588179218303, 0.012634137438227024, 0.5732909379968203, 0.45301165887475503, 0.04932735426008969, 0.9682034976152624, 0.02619047619047619, 0.4230769230769231, 0.02619047619047619])
esm_mlp_3B_rmt0_lr1e-2_hls(64,)_f0
Test metrics:odict_values([0.6578313083280485, 0.661582459485224, 0.26420310762788873, 0.6511507305624953, 0.5700696635909287, 0.4869565217391305, 0.8378378378378378, 0.4, 0.6222222222222222, 0.4])
esm_mlp_3B_rmt0_lr1e-2_hls(128,)_f0
Test metrics:odict_values([0.6310238201806838, 0.6587225929456625, 0.25818711504414904, 0.6696381255204784, 0.5898436684076154, 0.48345323741007196, 0.8267090620031796, 0.4, 0.610909090909091, 0.4])
esm_mlp_3B_rmt0_lr1e-2_hls(512,)_f0
Test metrics:odict_values([0.6258282184146267, 0.667302192564347, 0.2744249773869688, 0.6712998712998712, 0.5955459743028917, 0.43980738362760835, 0.8966613672496025, 0.3261904761904762, 0.6748768472906403, 0.3261904761904762])
esm_mlp_3B_rmt0_lr1e-2_hls(64,64)_f0
Test metrics:odict_values([0.6362650154373325, 0.6549094375595805, 0.24765087037492903, 0.6544287985464456, 0.5725145845718368, 0.46920821114369504, 0.8378378378378378, 0.36904761904761907, 0.6106870229007634, 0.38095238095238093])
esm_mlp_3B_rmt0_lr1e-2_hls(128,128)_f0
Test metrics:odict_values([0.6431936487001505, 0.655862726406101, 0.24832536961773932, 0.6734688469982587, 0.59512316373534, 0.46038863976083705, 0.848966613672496, 0.36666666666666664, 0.6184738955823293, 0.36666666666666664])
esm_mlp_3B_rmt0_lr1e-2_hls(64,64,64)_f0
Test metrics:odict_values([0.6362322276268151, 0.6539561487130601, 0.24013313998583083, 0.6639450374744493, 0.5812218069901638, 0.4210526315789474, 0.8807631160572337, 0.3142857142857143, 0.6376811594202898, 0.3142857142857143])
esm_mlp_3B_rmt0_lr1e-3_hls(64,)_f0
Test metrics:odict_values([0.6336269777257517, 0.657769304099142, 0.2522902481982628, 0.6572109925051102, 0.5829257006809798, 0.46084337349397586, 0.8553259141494436, 0.3595238095238095, 0.6270491803278688, 0.36428571428571427])
esm_mlp_3B_rmt0_lr1e-3_hls(128,)_f0
Test metrics:odict_values([0.6255450433668804, 0.6768350810295519, 0.29969349056618966, 0.6717654629419334, 0.5933949220291552, 0.5065502183406114, 0.8521462639109698, 0.4166666666666667, 0.651685393258427, 0.4142857142857143])
esm_mlp_3B_rmt0_lr1e-3_hls(512,)_f0
Test metrics:odict_values([0.6332610669422423, 0.6644423260247855, 0.26762443835056005, 0.6594518888636535, 0.5806830926986755, 0.4577572964669739, 0.8744038155802862, 0.3547619047619048, 0.645021645021645, 0.3547619047619048])
esm_mlp_3B_rmt0_lr1e-3_hls(64,64)_f0
Test metrics:odict_values([0.6261577205901151, 0.665395614871306, 0.2745504019308201, 0.6705958058899235, 0.5925060806201996, 0.5014245014245013, 0.8314785373608903, 0.4166666666666667, 0.624113475177305, 0.41904761904761906])
esm_mlp_3B_rmt0_lr1e-3_hls(128,128)_f0
Test metrics:odict_values([0.6377058577492081, 0.6539561487130601, 0.254935419861081, 0.6660420925126808, 0.5920012992012066, 0.5087956698240866, 0.7917329093799682, 0.44761904761904764, 0.5893416927899686, 0.44761904761904764])
esm_mlp_3B_rmt0_lr1e-3_hls(64,64,64)_f0
Test metrics:odict_values([0.6278493567747202, 0.6568160152526216, 0.2507214095347144, 0.6691838897721252, 0.5823448894909227, 0.46497764530551416, 0.848966613672496, 0.3738095238095238, 0.6215139442231076, 0.37142857142857144])
esm_mlp_3B_rmt0_lr1e-4_hls(64,)_f0
Test metrics:odict_values([0.6700535433081017, 0.5996186844613918, 0.0, 0.6065788477553183, 0.47716058181364385, nan, 0.9984101748807631, 0.0, 0.0, 0.0])
esm_mlp_3B_rmt0_lr1e-4_hls(128,)_f0
Test metrics:odict_values([0.6400707775462344, 0.6453765490943756, 0.2178730460064841, 0.650900900900901, 0.5728073060476306, 0.4032, 0.8728139904610492, 0.3, 0.6146341463414634, 0.3])
esm_mlp_3B_rmt0_lr1e-4_hls(512,)_f0
Test metrics:odict_values([0.6346476201333808, 0.6530028598665396, 0.2385490287882647, 0.6551063668710727, 0.5799720571708264, 0.43125, 0.8696343402225755, 0.32857142857142857, 0.6272727272727273, 0.32857142857142857])
esm_mlp_3B_rmt0_lr1e-4_hls(64,64)_f0
Test metrics:odict_values([0.6778951191811248, 0.5996186844613918, 0.0, 0.5943088046029222, 0.47345030185197096, 0.004750593824228029, 1.0, 0.002380952380952381, 1.0, 0.002380952380952381])
esm_mlp_3B_rmt0_lr1e-4_hls(128,128)_f0
Test metrics:odict_values([0.6703892863853643, 0.5996186844613918, 0.0, 0.6140945567416156, 0.4892920440060607, 0.004750593824228029, 1.0, 0.002380952380952381, 1.0, 0.002380952380952381])
esm_mlp_3B_rmt0_lr1e-4_hls(64,64,64)_f0
Test metrics:odict_values([0.6847144867035181, 0.5996186844613918, 0.0, 0.5858467711408888, 0.46850884283890887, 0.004750593824228029, 1.0, 0.002380952380952381, 1.0, 0.002380952380952381])
esm_mlp_15B_rmt0_lr1e-2_hls(64,)_f0
esm_mlp_15B_rmt0_lr1e-2_hls(128,)_f0
esm_mlp_15B_rmt0_lr1e-2_hls(512,)_f0
esm_mlp_15B_rmt0_lr1e-2_hls(64,64)_f0
esm_mlp_15B_rmt0_lr1e-2_hls(128,128)_f0
esm_mlp_15B_rmt0_lr1e-2_hls(64,64,64)_f0
esm_mlp_15B_rmt0_lr1e-3_hls(64,)_f0
esm_mlp_15B_rmt0_lr1e-3_hls(128,)_f0
esm_mlp_15B_rmt0_lr1e-3_hls(512,)_f0
esm_mlp_15B_rmt0_lr1e-3_hls(64,64)_f0
esm_mlp_15B_rmt0_lr1e-3_hls(128,128)_f0
esm_mlp_15B_rmt0_lr1e-3_hls(64,64,64)_f0
esm_mlp_15B_rmt0_lr1e-4_hls(64,)_f0
esm_mlp_15B_rmt0_lr1e-4_hls(128,)_f0
esm_mlp_15B_rmt0_lr1e-4_hls(512,)_f0
esm_mlp_15B_rmt0_lr1e-4_hls(64,64)_f0
esm_mlp_15B_rmt0_lr1e-4_hls(128,128)_f0
esm_mlp_15B_rmt0_lr1e-4_hls(64,64,64)_f0
